[0.003s] Invoking command in '/home/juu/Desktop/Personal_WS/ROS_project/build/diff_sim': AMENT_PREFIX_PATH=/home/juu/Desktop/Personal_WS/ROS_project/install/robot_description:${AMENT_PREFIX_PATH} CMAKE_PREFIX_PATH=/home/juu/Desktop/Personal_WS/ROS_project/install/robot_description:/home/juu/Desktop/ROS/BTree/install/behaviortree_cpp:/opt/ros/jazzy/opt/gz_sim_vendor:/opt/ros/jazzy/opt/gz_sensors_vendor:/opt/ros/jazzy/opt/gz_physics_vendor:/opt/ros/jazzy/opt/sdformat_vendor:/opt/ros/jazzy/opt/gz_gui_vendor:/opt/ros/jazzy/opt/gz_transport_vendor:/opt/ros/jazzy/opt/gz_rendering_vendor:/opt/ros/jazzy/opt/gz_plugin_vendor:/opt/ros/jazzy/opt/gz_fuel_tools_vendor:/opt/ros/jazzy/opt/gz_msgs_vendor:/opt/ros/jazzy/opt/gz_common_vendor:/opt/ros/jazzy/opt/gz_math_vendor:/opt/ros/jazzy/opt/gz_utils_vendor:/opt/ros/jazzy/opt/gz_tools_vendor:/opt/ros/jazzy/opt/gz_ogre_next_vendor:/opt/ros/jazzy/opt/gz_dartsim_vendor:/opt/ros/jazzy/opt/gz_cmake_vendor:/opt/ros/jazzy CONDA_PROMPT_MODIFIER=(base) DEBUGINFOD_URLS=https://debuginfod.ubuntu.com /usr/bin/cmake --build /home/juu/Desktop/Personal_WS/ROS_project/build/diff_sim -- -j20 -l20
[0.026s] Invoked command in '/home/juu/Desktop/Personal_WS/ROS_project/build/diff_sim' returned '0': AMENT_PREFIX_PATH=/home/juu/Desktop/Personal_WS/ROS_project/install/robot_description:${AMENT_PREFIX_PATH} CMAKE_PREFIX_PATH=/home/juu/Desktop/Personal_WS/ROS_project/install/robot_description:/home/juu/Desktop/ROS/BTree/install/behaviortree_cpp:/opt/ros/jazzy/opt/gz_sim_vendor:/opt/ros/jazzy/opt/gz_sensors_vendor:/opt/ros/jazzy/opt/gz_physics_vendor:/opt/ros/jazzy/opt/sdformat_vendor:/opt/ros/jazzy/opt/gz_gui_vendor:/opt/ros/jazzy/opt/gz_transport_vendor:/opt/ros/jazzy/opt/gz_rendering_vendor:/opt/ros/jazzy/opt/gz_plugin_vendor:/opt/ros/jazzy/opt/gz_fuel_tools_vendor:/opt/ros/jazzy/opt/gz_msgs_vendor:/opt/ros/jazzy/opt/gz_common_vendor:/opt/ros/jazzy/opt/gz_math_vendor:/opt/ros/jazzy/opt/gz_utils_vendor:/opt/ros/jazzy/opt/gz_tools_vendor:/opt/ros/jazzy/opt/gz_ogre_next_vendor:/opt/ros/jazzy/opt/gz_dartsim_vendor:/opt/ros/jazzy/opt/gz_cmake_vendor:/opt/ros/jazzy CONDA_PROMPT_MODIFIER=(base) DEBUGINFOD_URLS=https://debuginfod.ubuntu.com /usr/bin/cmake --build /home/juu/Desktop/Personal_WS/ROS_project/build/diff_sim -- -j20 -l20
[0.027s] Invoking command in '/home/juu/Desktop/Personal_WS/ROS_project/build/diff_sim': AMENT_PREFIX_PATH=/home/juu/Desktop/Personal_WS/ROS_project/install/robot_description:${AMENT_PREFIX_PATH} CMAKE_PREFIX_PATH=/home/juu/Desktop/Personal_WS/ROS_project/install/robot_description:/home/juu/Desktop/ROS/BTree/install/behaviortree_cpp:/opt/ros/jazzy/opt/gz_sim_vendor:/opt/ros/jazzy/opt/gz_sensors_vendor:/opt/ros/jazzy/opt/gz_physics_vendor:/opt/ros/jazzy/opt/sdformat_vendor:/opt/ros/jazzy/opt/gz_gui_vendor:/opt/ros/jazzy/opt/gz_transport_vendor:/opt/ros/jazzy/opt/gz_rendering_vendor:/opt/ros/jazzy/opt/gz_plugin_vendor:/opt/ros/jazzy/opt/gz_fuel_tools_vendor:/opt/ros/jazzy/opt/gz_msgs_vendor:/opt/ros/jazzy/opt/gz_common_vendor:/opt/ros/jazzy/opt/gz_math_vendor:/opt/ros/jazzy/opt/gz_utils_vendor:/opt/ros/jazzy/opt/gz_tools_vendor:/opt/ros/jazzy/opt/gz_ogre_next_vendor:/opt/ros/jazzy/opt/gz_dartsim_vendor:/opt/ros/jazzy/opt/gz_cmake_vendor:/opt/ros/jazzy CONDA_PROMPT_MODIFIER=(base) DEBUGINFOD_URLS=https://debuginfod.ubuntu.com /usr/bin/cmake --install /home/juu/Desktop/Personal_WS/ROS_project/build/diff_sim
[0.030s] -- Install configuration: ""
[0.031s] -- Execute custom install script
[0.031s] -- Up-to-date symlink: /home/juu/Desktop/Personal_WS/ROS_project/install/diff_sim/share/diff_sim/launch/sim.launch.py
[0.031s] -- Up-to-date symlink: /home/juu/Desktop/Personal_WS/ROS_project/install/diff_sim/share/diff_sim/config/bridge_config.yaml
[0.031s] -- Symlinking: /home/juu/Desktop/Personal_WS/ROS_project/install/diff_sim/share/diff_sim/config/rvize_config.rviz
[0.036s] -- Up-to-date symlink: /home/juu/Desktop/Personal_WS/ROS_project/install/diff_sim/share/diff_sim/worlds/empty.world
[0.036s] -- Up-to-date symlink: /home/juu/Desktop/Personal_WS/ROS_project/install/diff_sim/share/ament_index/resource_index/package_run_dependencies/diff_sim
[0.036s] -- Up-to-date symlink: /home/juu/Desktop/Personal_WS/ROS_project/install/diff_sim/share/ament_index/resource_index/parent_prefix_path/diff_sim
[0.036s] -- Up-to-date symlink: /home/juu/Desktop/Personal_WS/ROS_project/install/diff_sim/share/diff_sim/environment/ament_prefix_path.sh
[0.036s] -- Up-to-date symlink: /home/juu/Desktop/Personal_WS/ROS_project/install/diff_sim/share/diff_sim/environment/ament_prefix_path.dsv
[0.036s] -- Up-to-date symlink: /home/juu/Desktop/Personal_WS/ROS_project/install/diff_sim/share/diff_sim/environment/path.sh
[0.036s] -- Up-to-date symlink: /home/juu/Desktop/Personal_WS/ROS_project/install/diff_sim/share/diff_sim/environment/path.dsv
[0.036s] -- Up-to-date symlink: /home/juu/Desktop/Personal_WS/ROS_project/install/diff_sim/share/diff_sim/local_setup.bash
[0.036s] -- Up-to-date symlink: /home/juu/Desktop/Personal_WS/ROS_project/install/diff_sim/share/diff_sim/local_setup.sh
[0.036s] -- Up-to-date symlink: /home/juu/Desktop/Personal_WS/ROS_project/install/diff_sim/share/diff_sim/local_setup.zsh
[0.036s] -- Up-to-date symlink: /home/juu/Desktop/Personal_WS/ROS_project/install/diff_sim/share/diff_sim/local_setup.dsv
[0.036s] -- Symlinking: /home/juu/Desktop/Personal_WS/ROS_project/install/diff_sim/share/diff_sim/package.dsv
[0.043s] -- Up-to-date symlink: /home/juu/Desktop/Personal_WS/ROS_project/install/diff_sim/share/ament_index/resource_index/packages/diff_sim
[0.043s] -- Up-to-date symlink: /home/juu/Desktop/Personal_WS/ROS_project/install/diff_sim/share/diff_sim/cmake/diff_simConfig.cmake
[0.043s] -- Up-to-date symlink: /home/juu/Desktop/Personal_WS/ROS_project/install/diff_sim/share/diff_sim/cmake/diff_simConfig-version.cmake
[0.043s] -- Up-to-date symlink: /home/juu/Desktop/Personal_WS/ROS_project/install/diff_sim/share/diff_sim/package.xml
[0.044s] Invoked command in '/home/juu/Desktop/Personal_WS/ROS_project/build/diff_sim' returned '0': AMENT_PREFIX_PATH=/home/juu/Desktop/Personal_WS/ROS_project/install/robot_description:${AMENT_PREFIX_PATH} CMAKE_PREFIX_PATH=/home/juu/Desktop/Personal_WS/ROS_project/install/robot_description:/home/juu/Desktop/ROS/BTree/install/behaviortree_cpp:/opt/ros/jazzy/opt/gz_sim_vendor:/opt/ros/jazzy/opt/gz_sensors_vendor:/opt/ros/jazzy/opt/gz_physics_vendor:/opt/ros/jazzy/opt/sdformat_vendor:/opt/ros/jazzy/opt/gz_gui_vendor:/opt/ros/jazzy/opt/gz_transport_vendor:/opt/ros/jazzy/opt/gz_rendering_vendor:/opt/ros/jazzy/opt/gz_plugin_vendor:/opt/ros/jazzy/opt/gz_fuel_tools_vendor:/opt/ros/jazzy/opt/gz_msgs_vendor:/opt/ros/jazzy/opt/gz_common_vendor:/opt/ros/jazzy/opt/gz_math_vendor:/opt/ros/jazzy/opt/gz_utils_vendor:/opt/ros/jazzy/opt/gz_tools_vendor:/opt/ros/jazzy/opt/gz_ogre_next_vendor:/opt/ros/jazzy/opt/gz_dartsim_vendor:/opt/ros/jazzy/opt/gz_cmake_vendor:/opt/ros/jazzy CONDA_PROMPT_MODIFIER=(base) DEBUGINFOD_URLS=https://debuginfod.ubuntu.com /usr/bin/cmake --install /home/juu/Desktop/Personal_WS/ROS_project/build/diff_sim
