[0.005s] Invoking command in '/home/juu/Desktop/Personal_WS/ROS_project/build/robot_description': CMAKE_PREFIX_PATH=${CMAKE_PREFIX_PATH}:/opt/ros/jazzy CONDA_PROMPT_MODIFIER=(base) DEBUGINFOD_URLS=https://debuginfod.ubuntu.com /usr/bin/cmake --build /home/juu/Desktop/Personal_WS/ROS_project/build/robot_description -- -j20 -l20
[0.022s] -- Found ament_cmake: 2.5.2 (/opt/ros/jazzy/share/ament_cmake/cmake)
[0.128s] -- Override CMake install command with custom implementation using symlinks instead of copying resources
[0.131s] -- Found ament_lint_auto: 0.17.1 (/opt/ros/jazzy/share/ament_lint_auto/cmake)
[0.181s] -- Added test 'flake8' to check Python code syntax and style conventions
[0.181s] -- Configured 'flake8' exclude dirs and/or files: 
[0.181s] -- Added test 'lint_cmake' to check CMake code style
[0.181s] -- Added test 'pep257' to check Python code against some of the docstring style conventions in PEP 257
[0.181s] -- Added test 'xmllint' to check XML markup files
[0.182s] -- Configuring done (0.2s)
[0.183s] -- Generating done (0.0s)
[0.184s] -- Build files have been written to: /home/juu/Desktop/Personal_WS/ROS_project/build/robot_description
[0.198s] Invoked command in '/home/juu/Desktop/Personal_WS/ROS_project/build/robot_description' returned '0': CMAKE_PREFIX_PATH=${CMAKE_PREFIX_PATH}:/opt/ros/jazzy CONDA_PROMPT_MODIFIER=(base) DEBUGINFOD_URLS=https://debuginfod.ubuntu.com /usr/bin/cmake --build /home/juu/Desktop/Personal_WS/ROS_project/build/robot_description -- -j20 -l20
[0.203s] Invoking command in '/home/juu/Desktop/Personal_WS/ROS_project/build/robot_description': CMAKE_PREFIX_PATH=${CMAKE_PREFIX_PATH}:/opt/ros/jazzy CONDA_PROMPT_MODIFIER=(base) DEBUGINFOD_URLS=https://debuginfod.ubuntu.com /usr/bin/cmake --install /home/juu/Desktop/Personal_WS/ROS_project/build/robot_description
[0.207s] -- Install configuration: ""
[0.207s] -- Execute custom install script
[0.208s] -- Up-to-date symlink: /home/juu/Desktop/Personal_WS/ROS_project/install/robot_description/share/robot_description/launch/preview.launch.py
[0.208s] -- Up-to-date symlink: /home/juu/Desktop/Personal_WS/ROS_project/install/robot_description/share/robot_description/config/rviz_config.rviz
[0.208s] -- Up-to-date symlink: /home/juu/Desktop/Personal_WS/ROS_project/install/robot_description/share/robot_description/sdf/my_diff_car.gltf
[0.208s] -- Up-to-date symlink: /home/juu/Desktop/Personal_WS/ROS_project/install/robot_description/share/robot_description/sdf/my_diff_car.sdf
[0.208s] -- Up-to-date symlink: /home/juu/Desktop/Personal_WS/ROS_project/install/robot_description/share/ament_index/resource_index/package_run_dependencies/robot_description
[0.208s] -- Up-to-date symlink: /home/juu/Desktop/Personal_WS/ROS_project/install/robot_description/share/ament_index/resource_index/parent_prefix_path/robot_description
[0.208s] -- Up-to-date symlink: /home/juu/Desktop/Personal_WS/ROS_project/install/robot_description/share/robot_description/environment/ament_prefix_path.sh
[0.208s] -- Up-to-date symlink: /home/juu/Desktop/Personal_WS/ROS_project/install/robot_description/share/robot_description/environment/ament_prefix_path.dsv
[0.208s] -- Up-to-date symlink: /home/juu/Desktop/Personal_WS/ROS_project/install/robot_description/share/robot_description/environment/path.sh
[0.208s] -- Up-to-date symlink: /home/juu/Desktop/Personal_WS/ROS_project/install/robot_description/share/robot_description/environment/path.dsv
[0.208s] -- Up-to-date symlink: /home/juu/Desktop/Personal_WS/ROS_project/install/robot_description/share/robot_description/local_setup.bash
[0.208s] -- Up-to-date symlink: /home/juu/Desktop/Personal_WS/ROS_project/install/robot_description/share/robot_description/local_setup.sh
[0.208s] -- Up-to-date symlink: /home/juu/Desktop/Personal_WS/ROS_project/install/robot_description/share/robot_description/local_setup.zsh
[0.208s] -- Up-to-date symlink: /home/juu/Desktop/Personal_WS/ROS_project/install/robot_description/share/robot_description/local_setup.dsv
[0.208s] -- Symlinking: /home/juu/Desktop/Personal_WS/ROS_project/install/robot_description/share/robot_description/package.dsv
[0.213s] -- Up-to-date symlink: /home/juu/Desktop/Personal_WS/ROS_project/install/robot_description/share/ament_index/resource_index/packages/robot_description
[0.213s] -- Up-to-date symlink: /home/juu/Desktop/Personal_WS/ROS_project/install/robot_description/share/robot_description/cmake/robot_descriptionConfig.cmake
[0.213s] -- Up-to-date symlink: /home/juu/Desktop/Personal_WS/ROS_project/install/robot_description/share/robot_description/cmake/robot_descriptionConfig-version.cmake
[0.213s] -- Up-to-date symlink: /home/juu/Desktop/Personal_WS/ROS_project/install/robot_description/share/robot_description/package.xml
[0.214s] Invoked command in '/home/juu/Desktop/Personal_WS/ROS_project/build/robot_description' returned '0': CMAKE_PREFIX_PATH=${CMAKE_PREFIX_PATH}:/opt/ros/jazzy CONDA_PROMPT_MODIFIER=(base) DEBUGINFOD_URLS=https://debuginfod.ubuntu.com /usr/bin/cmake --install /home/juu/Desktop/Personal_WS/ROS_project/build/robot_description
