[0.006s] Invoking command in '/home/juu/Desktop/Personal_WS/ROS_project/build/robot_description': CMAKE_PREFIX_PATH=${CMAKE_PREFIX_PATH}:/opt/ros/jazzy CONDA_PROMPT_MODIFIER=(base) DEBUGINFOD_URLS=https://debuginfod.ubuntu.com /usr/bin/cmake --build /home/juu/Desktop/Personal_WS/ROS_project/build/robot_description -- -j20 -l20
[0.042s] Invoked command in '/home/juu/Desktop/Personal_WS/ROS_project/build/robot_description' returned '0': CMAKE_PREFIX_PATH=${CMAKE_PREFIX_PATH}:/opt/ros/jazzy CONDA_PROMPT_MODIFIER=(base) DEBUGINFOD_URLS=https://debuginfod.ubuntu.com /usr/bin/cmake --build /home/juu/Desktop/Personal_WS/ROS_project/build/robot_description -- -j20 -l20
[0.048s] Invoking command in '/home/juu/Desktop/Personal_WS/ROS_project/build/robot_description': CMAKE_PREFIX_PATH=${CMAKE_PREFIX_PATH}:/opt/ros/jazzy CONDA_PROMPT_MODIFIER=(base) DEBUGINFOD_URLS=https://debuginfod.ubuntu.com /usr/bin/cmake --install /home/juu/Desktop/Personal_WS/ROS_project/build/robot_description
[0.053s] -- Install configuration: ""
[0.054s] -- Execute custom install script
[0.054s] -- Up-to-date symlink: /home/juu/Desktop/Personal_WS/ROS_project/install/robot_description/share/robot_description/launch/preview.launch.py
[0.054s] -- Up-to-date symlink: /home/juu/Desktop/Personal_WS/ROS_project/install/robot_description/share/robot_description/config/rviz_config.rviz
[0.054s] -- Up-to-date symlink: /home/juu/Desktop/Personal_WS/ROS_project/install/robot_description/share/robot_description/sdf/my_diff_car.gltf
[0.054s] -- Up-to-date symlink: /home/juu/Desktop/Personal_WS/ROS_project/install/robot_description/share/robot_description/sdf/my_diff_car.sdf
[0.054s] -- Up-to-date symlink: /home/juu/Desktop/Personal_WS/ROS_project/install/robot_description/share/ament_index/resource_index/package_run_dependencies/robot_description
[0.054s] -- Up-to-date symlink: /home/juu/Desktop/Personal_WS/ROS_project/install/robot_description/share/ament_index/resource_index/parent_prefix_path/robot_description
[0.054s] -- Up-to-date symlink: /home/juu/Desktop/Personal_WS/ROS_project/install/robot_description/share/robot_description/environment/ament_prefix_path.sh
[0.054s] -- Up-to-date symlink: /home/juu/Desktop/Personal_WS/ROS_project/install/robot_description/share/robot_description/environment/ament_prefix_path.dsv
[0.054s] -- Up-to-date symlink: /home/juu/Desktop/Personal_WS/ROS_project/install/robot_description/share/robot_description/environment/path.sh
[0.054s] -- Up-to-date symlink: /home/juu/Desktop/Personal_WS/ROS_project/install/robot_description/share/robot_description/environment/path.dsv
[0.054s] -- Up-to-date symlink: /home/juu/Desktop/Personal_WS/ROS_project/install/robot_description/share/robot_description/local_setup.bash
[0.054s] -- Up-to-date symlink: /home/juu/Desktop/Personal_WS/ROS_project/install/robot_description/share/robot_description/local_setup.sh
[0.055s] -- Up-to-date symlink: /home/juu/Desktop/Personal_WS/ROS_project/install/robot_description/share/robot_description/local_setup.zsh
[0.055s] -- Up-to-date symlink: /home/juu/Desktop/Personal_WS/ROS_project/install/robot_description/share/robot_description/local_setup.dsv
[0.055s] -- Symlinking: /home/juu/Desktop/Personal_WS/ROS_project/install/robot_description/share/robot_description/package.dsv
[0.061s] -- Up-to-date symlink: /home/juu/Desktop/Personal_WS/ROS_project/install/robot_description/share/ament_index/resource_index/packages/robot_description
[0.061s] -- Up-to-date symlink: /home/juu/Desktop/Personal_WS/ROS_project/install/robot_description/share/robot_description/cmake/robot_descriptionConfig.cmake
[0.061s] -- Up-to-date symlink: /home/juu/Desktop/Personal_WS/ROS_project/install/robot_description/share/robot_description/cmake/robot_descriptionConfig-version.cmake
[0.061s] -- Up-to-date symlink: /home/juu/Desktop/Personal_WS/ROS_project/install/robot_description/share/robot_description/package.xml
[0.063s] Invoked command in '/home/juu/Desktop/Personal_WS/ROS_project/build/robot_description' returned '0': CMAKE_PREFIX_PATH=${CMAKE_PREFIX_PATH}:/opt/ros/jazzy CONDA_PROMPT_MODIFIER=(base) DEBUGINFOD_URLS=https://debuginfod.ubuntu.com /usr/bin/cmake --install /home/juu/Desktop/Personal_WS/ROS_project/build/robot_description
