[0.050s] DEBUG:colcon:Command line arguments: ['/usr/bin/colcon', 'build', '--symlink-install']
[0.050s] DEBUG:colcon:Parsed command line arguments: Namespace(log_base=None, log_level=None, verb_name='build', build_base='build', install_base='install', merge_install=False, symlink_install=True, test_result_base=None, continue_on_error=False, executor='parallel', parallel_workers=20, event_handlers=None, ignore_user_meta=False, metas=['./colcon.meta'], base_paths=['.'], packages_ignore=None, packages_ignore_regex=None, paths=None, packages_up_to=None, packages_up_to_regex=None, packages_above=None, packages_above_and_dependencies=None, packages_above_depth=None, packages_select_by_dep=None, packages_skip_by_dep=None, packages_skip_up_to=None, packages_select_build_failed=False, packages_skip_build_finished=False, packages_select_test_failures=False, packages_skip_test_passed=False, packages_select=None, packages_skip=None, packages_select_regex=None, packages_skip_regex=None, packages_start=None, packages_end=None, allow_overriding=[], cmake_args=None, cmake_target=None, cmake_target_skip_unavailable=False, cmake_clean_cache=False, cmake_clean_first=False, cmake_force_configure=False, ament_cmake_args=None, catkin_cmake_args=None, catkin_skip_building_tests=False, verb_parser=<colcon_defaults.argument_parser.defaults.DefaultArgumentsDecorator object at 0x711555668110>, verb_extension=<colcon_core.verb.build.BuildVerb object at 0x711555643ef0>, main=<bound method BuildVerb.main of <colcon_core.verb.build.BuildVerb object at 0x711555643ef0>>)
[0.068s] Level 1:colcon.colcon_core.package_discovery:discover_packages(colcon_meta) check parameters
[0.068s] Level 1:colcon.colcon_core.package_discovery:discover_packages(recursive) check parameters
[0.068s] Level 1:colcon.colcon_core.package_discovery:discover_packages(ignore) check parameters
[0.068s] Level 1:colcon.colcon_core.package_discovery:discover_packages(path) check parameters
[0.068s] Level 1:colcon.colcon_core.package_discovery:discover_packages(colcon_meta) discover
[0.068s] Level 1:colcon.colcon_core.package_discovery:discover_packages(recursive) discover
[0.068s] INFO:colcon.colcon_core.package_discovery:Crawling recursively for packages in '/home/juu/Desktop/Personal_WS/ROS_project'
[0.068s] Level 1:colcon.colcon_core.package_identification:_identify(.) by extensions ['ignore', 'ignore_ament_install']
[0.068s] Level 1:colcon.colcon_core.package_identification:_identify(.) by extension 'ignore'
[0.068s] Level 1:colcon.colcon_core.package_identification:_identify(.) by extension 'ignore_ament_install'
[0.068s] Level 1:colcon.colcon_core.package_identification:_identify(.) by extensions ['colcon_pkg']
[0.068s] Level 1:colcon.colcon_core.package_identification:_identify(.) by extension 'colcon_pkg'
[0.068s] Level 1:colcon.colcon_core.package_identification:_identify(.) by extensions ['colcon_meta']
[0.068s] Level 1:colcon.colcon_core.package_identification:_identify(.) by extension 'colcon_meta'
[0.068s] Level 1:colcon.colcon_core.package_identification:_identify(.) by extensions ['ros']
[0.068s] Level 1:colcon.colcon_core.package_identification:_identify(.) by extension 'ros'
[0.081s] Level 1:colcon.colcon_core.package_identification:_identify(.) by extensions ['cmake', 'python']
[0.081s] Level 1:colcon.colcon_core.package_identification:_identify(.) by extension 'cmake'
[0.081s] Level 1:colcon.colcon_core.package_identification:_identify(.) by extension 'python'
[0.081s] Level 1:colcon.colcon_core.package_identification:_identify(.) by extensions ['python_setup_py']
[0.081s] Level 1:colcon.colcon_core.package_identification:_identify(.) by extension 'python_setup_py'
[0.081s] Level 1:colcon.colcon_core.package_identification:_identify(build) by extensions ['ignore', 'ignore_ament_install']
[0.081s] Level 1:colcon.colcon_core.package_identification:_identify(build) by extension 'ignore'
[0.081s] Level 1:colcon.colcon_core.package_identification:_identify(build) ignored
[0.081s] Level 1:colcon.colcon_core.package_identification:_identify(install) by extensions ['ignore', 'ignore_ament_install']
[0.081s] Level 1:colcon.colcon_core.package_identification:_identify(install) by extension 'ignore'
[0.082s] Level 1:colcon.colcon_core.package_identification:_identify(install) ignored
[0.082s] Level 1:colcon.colcon_core.package_identification:_identify(log) by extensions ['ignore', 'ignore_ament_install']
[0.082s] Level 1:colcon.colcon_core.package_identification:_identify(log) by extension 'ignore'
[0.082s] Level 1:colcon.colcon_core.package_identification:_identify(log) ignored
[0.082s] Level 1:colcon.colcon_core.package_identification:_identify(src) by extensions ['ignore', 'ignore_ament_install']
[0.082s] Level 1:colcon.colcon_core.package_identification:_identify(src) by extension 'ignore'
[0.082s] Level 1:colcon.colcon_core.package_identification:_identify(src) by extension 'ignore_ament_install'
[0.082s] Level 1:colcon.colcon_core.package_identification:_identify(src) by extensions ['colcon_pkg']
[0.082s] Level 1:colcon.colcon_core.package_identification:_identify(src) by extension 'colcon_pkg'
[0.082s] Level 1:colcon.colcon_core.package_identification:_identify(src) by extensions ['colcon_meta']
[0.082s] Level 1:colcon.colcon_core.package_identification:_identify(src) by extension 'colcon_meta'
[0.082s] Level 1:colcon.colcon_core.package_identification:_identify(src) by extensions ['ros']
[0.082s] Level 1:colcon.colcon_core.package_identification:_identify(src) by extension 'ros'
[0.082s] Level 1:colcon.colcon_core.package_identification:_identify(src) by extensions ['cmake', 'python']
[0.082s] Level 1:colcon.colcon_core.package_identification:_identify(src) by extension 'cmake'
[0.082s] Level 1:colcon.colcon_core.package_identification:_identify(src) by extension 'python'
[0.082s] Level 1:colcon.colcon_core.package_identification:_identify(src) by extensions ['python_setup_py']
[0.082s] Level 1:colcon.colcon_core.package_identification:_identify(src) by extension 'python_setup_py'
[0.082s] Level 1:colcon.colcon_core.package_identification:_identify(src/diff_sim) by extensions ['ignore', 'ignore_ament_install']
[0.082s] Level 1:colcon.colcon_core.package_identification:_identify(src/diff_sim) by extension 'ignore'
[0.082s] Level 1:colcon.colcon_core.package_identification:_identify(src/diff_sim) by extension 'ignore_ament_install'
[0.082s] Level 1:colcon.colcon_core.package_identification:_identify(src/diff_sim) by extensions ['colcon_pkg']
[0.082s] Level 1:colcon.colcon_core.package_identification:_identify(src/diff_sim) by extension 'colcon_pkg'
[0.082s] Level 1:colcon.colcon_core.package_identification:_identify(src/diff_sim) by extensions ['colcon_meta']
[0.082s] Level 1:colcon.colcon_core.package_identification:_identify(src/diff_sim) by extension 'colcon_meta'
[0.082s] Level 1:colcon.colcon_core.package_identification:_identify(src/diff_sim) by extensions ['ros']
[0.082s] Level 1:colcon.colcon_core.package_identification:_identify(src/diff_sim) by extension 'ros'
[0.083s] DEBUG:colcon.colcon_core.package_identification:Package 'src/diff_sim' with type 'ros.ament_cmake' and name 'diff_sim'
[0.083s] Level 1:colcon.colcon_core.package_identification:_identify(src/robot_description) by extensions ['ignore', 'ignore_ament_install']
[0.083s] Level 1:colcon.colcon_core.package_identification:_identify(src/robot_description) by extension 'ignore'
[0.083s] Level 1:colcon.colcon_core.package_identification:_identify(src/robot_description) by extension 'ignore_ament_install'
[0.083s] Level 1:colcon.colcon_core.package_identification:_identify(src/robot_description) by extensions ['colcon_pkg']
[0.083s] Level 1:colcon.colcon_core.package_identification:_identify(src/robot_description) by extension 'colcon_pkg'
[0.083s] Level 1:colcon.colcon_core.package_identification:_identify(src/robot_description) by extensions ['colcon_meta']
[0.083s] Level 1:colcon.colcon_core.package_identification:_identify(src/robot_description) by extension 'colcon_meta'
[0.084s] Level 1:colcon.colcon_core.package_identification:_identify(src/robot_description) by extensions ['ros']
[0.084s] Level 1:colcon.colcon_core.package_identification:_identify(src/robot_description) by extension 'ros'
[0.084s] DEBUG:colcon.colcon_core.package_identification:Package 'src/robot_description' with type 'ros.ament_cmake' and name 'robot_description'
[0.084s] Level 1:colcon.colcon_core.package_discovery:discover_packages(recursive) using defaults
[0.084s] Level 1:colcon.colcon_core.package_discovery:discover_packages(ignore) discover
[0.084s] Level 1:colcon.colcon_core.package_discovery:discover_packages(ignore) using defaults
[0.084s] Level 1:colcon.colcon_core.package_discovery:discover_packages(path) discover
[0.084s] Level 1:colcon.colcon_core.package_discovery:discover_packages(path) using defaults
[0.093s] Level 1:colcon.colcon_core.package_discovery:discover_packages(prefix_path) check parameters
[0.093s] Level 1:colcon.colcon_core.package_discovery:discover_packages(prefix_path) discover
[0.093s] DEBUG:colcon.colcon_installed_package_information.package_discovery:Found 1 installed packages in /home/juu/Desktop/ROS/BTree/install
[0.094s] DEBUG:colcon.colcon_installed_package_information.package_discovery:Found 491 installed packages in /opt/ros/jazzy
[0.095s] Level 1:colcon.colcon_core.package_discovery:discover_packages(prefix_path) using defaults
[0.122s] Level 5:colcon.colcon_core.verb:set package 'robot_description' build argument 'cmake_args' from command line to 'None'
[0.122s] Level 5:colcon.colcon_core.verb:set package 'robot_description' build argument 'cmake_target' from command line to 'None'
[0.122s] Level 5:colcon.colcon_core.verb:set package 'robot_description' build argument 'cmake_target_skip_unavailable' from command line to 'False'
[0.122s] Level 5:colcon.colcon_core.verb:set package 'robot_description' build argument 'cmake_clean_cache' from command line to 'False'
[0.122s] Level 5:colcon.colcon_core.verb:set package 'robot_description' build argument 'cmake_clean_first' from command line to 'False'
[0.122s] Level 5:colcon.colcon_core.verb:set package 'robot_description' build argument 'cmake_force_configure' from command line to 'False'
[0.122s] Level 5:colcon.colcon_core.verb:set package 'robot_description' build argument 'ament_cmake_args' from command line to 'None'
[0.122s] Level 5:colcon.colcon_core.verb:set package 'robot_description' build argument 'catkin_cmake_args' from command line to 'None'
[0.122s] Level 5:colcon.colcon_core.verb:set package 'robot_description' build argument 'catkin_skip_building_tests' from command line to 'False'
[0.122s] DEBUG:colcon.colcon_core.verb:Building package 'robot_description' with the following arguments: {'ament_cmake_args': None, 'build_base': '/home/juu/Desktop/Personal_WS/ROS_project/build/robot_description', 'catkin_cmake_args': None, 'catkin_skip_building_tests': False, 'cmake_args': None, 'cmake_clean_cache': False, 'cmake_clean_first': False, 'cmake_force_configure': False, 'cmake_target': None, 'cmake_target_skip_unavailable': False, 'install_base': '/home/juu/Desktop/Personal_WS/ROS_project/install/robot_description', 'merge_install': False, 'path': '/home/juu/Desktop/Personal_WS/ROS_project/src/robot_description', 'symlink_install': True, 'test_result_base': None}
[0.123s] Level 5:colcon.colcon_core.verb:set package 'diff_sim' build argument 'cmake_args' from command line to 'None'
[0.123s] Level 5:colcon.colcon_core.verb:set package 'diff_sim' build argument 'cmake_target' from command line to 'None'
[0.123s] Level 5:colcon.colcon_core.verb:set package 'diff_sim' build argument 'cmake_target_skip_unavailable' from command line to 'False'
[0.123s] Level 5:colcon.colcon_core.verb:set package 'diff_sim' build argument 'cmake_clean_cache' from command line to 'False'
[0.123s] Level 5:colcon.colcon_core.verb:set package 'diff_sim' build argument 'cmake_clean_first' from command line to 'False'
[0.123s] Level 5:colcon.colcon_core.verb:set package 'diff_sim' build argument 'cmake_force_configure' from command line to 'False'
[0.123s] Level 5:colcon.colcon_core.verb:set package 'diff_sim' build argument 'ament_cmake_args' from command line to 'None'
[0.123s] Level 5:colcon.colcon_core.verb:set package 'diff_sim' build argument 'catkin_cmake_args' from command line to 'None'
[0.123s] Level 5:colcon.colcon_core.verb:set package 'diff_sim' build argument 'catkin_skip_building_tests' from command line to 'False'
[0.123s] DEBUG:colcon.colcon_core.verb:Building package 'diff_sim' with the following arguments: {'ament_cmake_args': None, 'build_base': '/home/juu/Desktop/Personal_WS/ROS_project/build/diff_sim', 'catkin_cmake_args': None, 'catkin_skip_building_tests': False, 'cmake_args': None, 'cmake_clean_cache': False, 'cmake_clean_first': False, 'cmake_force_configure': False, 'cmake_target': None, 'cmake_target_skip_unavailable': False, 'install_base': '/home/juu/Desktop/Personal_WS/ROS_project/install/diff_sim', 'merge_install': False, 'path': '/home/juu/Desktop/Personal_WS/ROS_project/src/diff_sim', 'symlink_install': True, 'test_result_base': None}
[0.123s] INFO:colcon.colcon_core.executor:Executing jobs using 'parallel' executor
[0.123s] DEBUG:colcon.colcon_parallel_executor.executor.parallel:run_until_complete
[0.123s] INFO:colcon.colcon_ros.task.ament_cmake.build:Building ROS package in '/home/juu/Desktop/Personal_WS/ROS_project/src/robot_description' with build type 'ament_cmake'
[0.123s] INFO:colcon.colcon_cmake.task.cmake.build:Building CMake package in '/home/juu/Desktop/Personal_WS/ROS_project/src/robot_description'
[0.124s] INFO:colcon.colcon_core.plugin_system:Skipping extension 'colcon_core.shell.bat': Not used on non-Windows systems
[0.124s] INFO:colcon.colcon_core.shell:Skip shell extension 'powershell' for command environment: Not usable outside of PowerShell
[0.124s] DEBUG:colcon.colcon_core.shell:Skip shell extension 'dsv' for command environment
[0.130s] DEBUG:colcon.colcon_core.event_handler.log_command:Invoking command in '/home/juu/Desktop/Personal_WS/ROS_project/build/robot_description': CMAKE_PREFIX_PATH=${CMAKE_PREFIX_PATH}:/opt/ros/jazzy CONDA_PROMPT_MODIFIER=(base) DEBUGINFOD_URLS=https://debuginfod.ubuntu.com /usr/bin/cmake --build /home/juu/Desktop/Personal_WS/ROS_project/build/robot_description -- -j20 -l20
[0.156s] DEBUG:colcon.colcon_core.event_handler.log_command:Invoked command in '/home/juu/Desktop/Personal_WS/ROS_project/build/robot_description' returned '0': CMAKE_PREFIX_PATH=${CMAKE_PREFIX_PATH}:/opt/ros/jazzy CONDA_PROMPT_MODIFIER=(base) DEBUGINFOD_URLS=https://debuginfod.ubuntu.com /usr/bin/cmake --build /home/juu/Desktop/Personal_WS/ROS_project/build/robot_description -- -j20 -l20
[0.163s] DEBUG:colcon.colcon_core.event_handler.log_command:Invoking command in '/home/juu/Desktop/Personal_WS/ROS_project/build/robot_description': CMAKE_PREFIX_PATH=${CMAKE_PREFIX_PATH}:/opt/ros/jazzy CONDA_PROMPT_MODIFIER=(base) DEBUGINFOD_URLS=https://debuginfod.ubuntu.com /usr/bin/cmake --install /home/juu/Desktop/Personal_WS/ROS_project/build/robot_description
[0.182s] Level 1:colcon.colcon_core.environment:create_environment_scripts_only(robot_description)
[0.183s] DEBUG:colcon.colcon_core.event_handler.log_command:Invoked command in '/home/juu/Desktop/Personal_WS/ROS_project/build/robot_description' returned '0': CMAKE_PREFIX_PATH=${CMAKE_PREFIX_PATH}:/opt/ros/jazzy CONDA_PROMPT_MODIFIER=(base) DEBUGINFOD_URLS=https://debuginfod.ubuntu.com /usr/bin/cmake --install /home/juu/Desktop/Personal_WS/ROS_project/build/robot_description
[0.184s] Level 1:colcon.colcon_core.environment:checking '/home/juu/Desktop/Personal_WS/ROS_project/install/robot_description' for CMake module files
[0.185s] Level 1:colcon.colcon_core.environment:checking '/home/juu/Desktop/Personal_WS/ROS_project/install/robot_description' for CMake config files
[0.185s] Level 1:colcon.colcon_core.shell:create_environment_hook('robot_description', 'cmake_prefix_path')
[0.185s] INFO:colcon.colcon_core.shell:Creating environment hook '/home/juu/Desktop/Personal_WS/ROS_project/install/robot_description/share/robot_description/hook/cmake_prefix_path.ps1'
[0.185s] INFO:colcon.colcon_core.shell:Creating environment descriptor '/home/juu/Desktop/Personal_WS/ROS_project/install/robot_description/share/robot_description/hook/cmake_prefix_path.dsv'
[0.185s] INFO:colcon.colcon_core.shell:Creating environment hook '/home/juu/Desktop/Personal_WS/ROS_project/install/robot_description/share/robot_description/hook/cmake_prefix_path.sh'
[0.186s] Level 1:colcon.colcon_core.environment:checking '/home/juu/Desktop/Personal_WS/ROS_project/install/robot_description/bin'
[0.186s] Level 1:colcon.colcon_core.environment:checking '/home/juu/Desktop/Personal_WS/ROS_project/install/robot_description/lib/pkgconfig/robot_description.pc'
[0.186s] Level 1:colcon.colcon_core.environment:checking '/home/juu/Desktop/Personal_WS/ROS_project/install/robot_description/lib/python3.12/site-packages'
[0.186s] Level 1:colcon.colcon_core.environment:checking '/home/juu/Desktop/Personal_WS/ROS_project/install/robot_description/bin'
[0.186s] INFO:colcon.colcon_core.shell:Creating package script '/home/juu/Desktop/Personal_WS/ROS_project/install/robot_description/share/robot_description/package.ps1'
[0.186s] INFO:colcon.colcon_core.shell:Creating package descriptor '/home/juu/Desktop/Personal_WS/ROS_project/install/robot_description/share/robot_description/package.dsv'
[0.187s] INFO:colcon.colcon_core.shell:Creating package script '/home/juu/Desktop/Personal_WS/ROS_project/install/robot_description/share/robot_description/package.sh'
[0.187s] INFO:colcon.colcon_core.shell:Creating package script '/home/juu/Desktop/Personal_WS/ROS_project/install/robot_description/share/robot_description/package.bash'
[0.187s] INFO:colcon.colcon_core.shell:Creating package script '/home/juu/Desktop/Personal_WS/ROS_project/install/robot_description/share/robot_description/package.zsh'
[0.187s] Level 1:colcon.colcon_core.environment:create_file_with_runtime_dependencies(/home/juu/Desktop/Personal_WS/ROS_project/install/robot_description/share/colcon-core/packages/robot_description)
[0.188s] Level 1:colcon.colcon_core.environment:create_environment_scripts_only(robot_description)
[0.188s] Level 1:colcon.colcon_core.environment:checking '/home/juu/Desktop/Personal_WS/ROS_project/install/robot_description' for CMake module files
[0.188s] Level 1:colcon.colcon_core.environment:checking '/home/juu/Desktop/Personal_WS/ROS_project/install/robot_description' for CMake config files
[0.188s] Level 1:colcon.colcon_core.shell:create_environment_hook('robot_description', 'cmake_prefix_path')
[0.188s] INFO:colcon.colcon_core.shell:Creating environment hook '/home/juu/Desktop/Personal_WS/ROS_project/install/robot_description/share/robot_description/hook/cmake_prefix_path.ps1'
[0.188s] INFO:colcon.colcon_core.shell:Creating environment descriptor '/home/juu/Desktop/Personal_WS/ROS_project/install/robot_description/share/robot_description/hook/cmake_prefix_path.dsv'
[0.188s] INFO:colcon.colcon_core.shell:Creating environment hook '/home/juu/Desktop/Personal_WS/ROS_project/install/robot_description/share/robot_description/hook/cmake_prefix_path.sh'
[0.188s] Level 1:colcon.colcon_core.environment:checking '/home/juu/Desktop/Personal_WS/ROS_project/install/robot_description/bin'
[0.189s] Level 1:colcon.colcon_core.environment:checking '/home/juu/Desktop/Personal_WS/ROS_project/install/robot_description/lib/pkgconfig/robot_description.pc'
[0.189s] Level 1:colcon.colcon_core.environment:checking '/home/juu/Desktop/Personal_WS/ROS_project/install/robot_description/lib/python3.12/site-packages'
[0.189s] Level 1:colcon.colcon_core.environment:checking '/home/juu/Desktop/Personal_WS/ROS_project/install/robot_description/bin'
[0.189s] INFO:colcon.colcon_core.shell:Creating package script '/home/juu/Desktop/Personal_WS/ROS_project/install/robot_description/share/robot_description/package.ps1'
[0.189s] INFO:colcon.colcon_core.shell:Creating package descriptor '/home/juu/Desktop/Personal_WS/ROS_project/install/robot_description/share/robot_description/package.dsv'
[0.189s] INFO:colcon.colcon_core.shell:Creating package script '/home/juu/Desktop/Personal_WS/ROS_project/install/robot_description/share/robot_description/package.sh'
[0.189s] INFO:colcon.colcon_core.shell:Creating package script '/home/juu/Desktop/Personal_WS/ROS_project/install/robot_description/share/robot_description/package.bash'
[0.189s] INFO:colcon.colcon_core.shell:Creating package script '/home/juu/Desktop/Personal_WS/ROS_project/install/robot_description/share/robot_description/package.zsh'
[0.190s] Level 1:colcon.colcon_core.environment:create_file_with_runtime_dependencies(/home/juu/Desktop/Personal_WS/ROS_project/install/robot_description/share/colcon-core/packages/robot_description)
[0.190s] INFO:colcon.colcon_ros.task.ament_cmake.build:Building ROS package in '/home/juu/Desktop/Personal_WS/ROS_project/src/diff_sim' with build type 'ament_cmake'
[0.190s] INFO:colcon.colcon_cmake.task.cmake.build:Building CMake package in '/home/juu/Desktop/Personal_WS/ROS_project/src/diff_sim'
[0.190s] INFO:colcon.colcon_core.shell:Skip shell extension 'powershell' for command environment: Not usable outside of PowerShell
[0.190s] DEBUG:colcon.colcon_core.shell:Skip shell extension 'dsv' for command environment
[0.195s] DEBUG:colcon.colcon_core.event_handler.log_command:Invoking command in '/home/juu/Desktop/Personal_WS/ROS_project/build/diff_sim': AMENT_PREFIX_PATH=/home/juu/Desktop/Personal_WS/ROS_project/install/robot_description:${AMENT_PREFIX_PATH} CMAKE_PREFIX_PATH=/home/juu/Desktop/Personal_WS/ROS_project/install/robot_description:/home/juu/Desktop/ROS/BTree/install/behaviortree_cpp:/opt/ros/jazzy/opt/gz_sim_vendor:/opt/ros/jazzy/opt/gz_sensors_vendor:/opt/ros/jazzy/opt/gz_physics_vendor:/opt/ros/jazzy/opt/sdformat_vendor:/opt/ros/jazzy/opt/gz_gui_vendor:/opt/ros/jazzy/opt/gz_transport_vendor:/opt/ros/jazzy/opt/gz_rendering_vendor:/opt/ros/jazzy/opt/gz_plugin_vendor:/opt/ros/jazzy/opt/gz_fuel_tools_vendor:/opt/ros/jazzy/opt/gz_msgs_vendor:/opt/ros/jazzy/opt/gz_common_vendor:/opt/ros/jazzy/opt/gz_math_vendor:/opt/ros/jazzy/opt/gz_utils_vendor:/opt/ros/jazzy/opt/gz_tools_vendor:/opt/ros/jazzy/opt/gz_ogre_next_vendor:/opt/ros/jazzy/opt/gz_dartsim_vendor:/opt/ros/jazzy/opt/gz_cmake_vendor:/opt/ros/jazzy CONDA_PROMPT_MODIFIER=(base) DEBUGINFOD_URLS=https://debuginfod.ubuntu.com /usr/bin/cmake --build /home/juu/Desktop/Personal_WS/ROS_project/build/diff_sim -- -j20 -l20
[0.219s] DEBUG:colcon.colcon_core.event_handler.log_command:Invoked command in '/home/juu/Desktop/Personal_WS/ROS_project/build/diff_sim' returned '0': AMENT_PREFIX_PATH=/home/juu/Desktop/Personal_WS/ROS_project/install/robot_description:${AMENT_PREFIX_PATH} CMAKE_PREFIX_PATH=/home/juu/Desktop/Personal_WS/ROS_project/install/robot_description:/home/juu/Desktop/ROS/BTree/install/behaviortree_cpp:/opt/ros/jazzy/opt/gz_sim_vendor:/opt/ros/jazzy/opt/gz_sensors_vendor:/opt/ros/jazzy/opt/gz_physics_vendor:/opt/ros/jazzy/opt/sdformat_vendor:/opt/ros/jazzy/opt/gz_gui_vendor:/opt/ros/jazzy/opt/gz_transport_vendor:/opt/ros/jazzy/opt/gz_rendering_vendor:/opt/ros/jazzy/opt/gz_plugin_vendor:/opt/ros/jazzy/opt/gz_fuel_tools_vendor:/opt/ros/jazzy/opt/gz_msgs_vendor:/opt/ros/jazzy/opt/gz_common_vendor:/opt/ros/jazzy/opt/gz_math_vendor:/opt/ros/jazzy/opt/gz_utils_vendor:/opt/ros/jazzy/opt/gz_tools_vendor:/opt/ros/jazzy/opt/gz_ogre_next_vendor:/opt/ros/jazzy/opt/gz_dartsim_vendor:/opt/ros/jazzy/opt/gz_cmake_vendor:/opt/ros/jazzy CONDA_PROMPT_MODIFIER=(base) DEBUGINFOD_URLS=https://debuginfod.ubuntu.com /usr/bin/cmake --build /home/juu/Desktop/Personal_WS/ROS_project/build/diff_sim -- -j20 -l20
[0.220s] DEBUG:colcon.colcon_core.event_handler.log_command:Invoking command in '/home/juu/Desktop/Personal_WS/ROS_project/build/diff_sim': AMENT_PREFIX_PATH=/home/juu/Desktop/Personal_WS/ROS_project/install/robot_description:${AMENT_PREFIX_PATH} CMAKE_PREFIX_PATH=/home/juu/Desktop/Personal_WS/ROS_project/install/robot_description:/home/juu/Desktop/ROS/BTree/install/behaviortree_cpp:/opt/ros/jazzy/opt/gz_sim_vendor:/opt/ros/jazzy/opt/gz_sensors_vendor:/opt/ros/jazzy/opt/gz_physics_vendor:/opt/ros/jazzy/opt/sdformat_vendor:/opt/ros/jazzy/opt/gz_gui_vendor:/opt/ros/jazzy/opt/gz_transport_vendor:/opt/ros/jazzy/opt/gz_rendering_vendor:/opt/ros/jazzy/opt/gz_plugin_vendor:/opt/ros/jazzy/opt/gz_fuel_tools_vendor:/opt/ros/jazzy/opt/gz_msgs_vendor:/opt/ros/jazzy/opt/gz_common_vendor:/opt/ros/jazzy/opt/gz_math_vendor:/opt/ros/jazzy/opt/gz_utils_vendor:/opt/ros/jazzy/opt/gz_tools_vendor:/opt/ros/jazzy/opt/gz_ogre_next_vendor:/opt/ros/jazzy/opt/gz_dartsim_vendor:/opt/ros/jazzy/opt/gz_cmake_vendor:/opt/ros/jazzy CONDA_PROMPT_MODIFIER=(base) DEBUGINFOD_URLS=https://debuginfod.ubuntu.com /usr/bin/cmake --install /home/juu/Desktop/Personal_WS/ROS_project/build/diff_sim
[0.236s] Level 1:colcon.colcon_core.environment:create_environment_scripts_only(diff_sim)
[0.236s] Level 1:colcon.colcon_core.environment:checking '/home/juu/Desktop/Personal_WS/ROS_project/install/diff_sim' for CMake module files
[0.237s] DEBUG:colcon.colcon_core.event_handler.log_command:Invoked command in '/home/juu/Desktop/Personal_WS/ROS_project/build/diff_sim' returned '0': AMENT_PREFIX_PATH=/home/juu/Desktop/Personal_WS/ROS_project/install/robot_description:${AMENT_PREFIX_PATH} CMAKE_PREFIX_PATH=/home/juu/Desktop/Personal_WS/ROS_project/install/robot_description:/home/juu/Desktop/ROS/BTree/install/behaviortree_cpp:/opt/ros/jazzy/opt/gz_sim_vendor:/opt/ros/jazzy/opt/gz_sensors_vendor:/opt/ros/jazzy/opt/gz_physics_vendor:/opt/ros/jazzy/opt/sdformat_vendor:/opt/ros/jazzy/opt/gz_gui_vendor:/opt/ros/jazzy/opt/gz_transport_vendor:/opt/ros/jazzy/opt/gz_rendering_vendor:/opt/ros/jazzy/opt/gz_plugin_vendor:/opt/ros/jazzy/opt/gz_fuel_tools_vendor:/opt/ros/jazzy/opt/gz_msgs_vendor:/opt/ros/jazzy/opt/gz_common_vendor:/opt/ros/jazzy/opt/gz_math_vendor:/opt/ros/jazzy/opt/gz_utils_vendor:/opt/ros/jazzy/opt/gz_tools_vendor:/opt/ros/jazzy/opt/gz_ogre_next_vendor:/opt/ros/jazzy/opt/gz_dartsim_vendor:/opt/ros/jazzy/opt/gz_cmake_vendor:/opt/ros/jazzy CONDA_PROMPT_MODIFIER=(base) DEBUGINFOD_URLS=https://debuginfod.ubuntu.com /usr/bin/cmake --install /home/juu/Desktop/Personal_WS/ROS_project/build/diff_sim
[0.237s] Level 1:colcon.colcon_core.environment:checking '/home/juu/Desktop/Personal_WS/ROS_project/install/diff_sim' for CMake config files
[0.237s] Level 1:colcon.colcon_core.shell:create_environment_hook('diff_sim', 'cmake_prefix_path')
[0.238s] INFO:colcon.colcon_core.shell:Creating environment hook '/home/juu/Desktop/Personal_WS/ROS_project/install/diff_sim/share/diff_sim/hook/cmake_prefix_path.ps1'
[0.238s] INFO:colcon.colcon_core.shell:Creating environment descriptor '/home/juu/Desktop/Personal_WS/ROS_project/install/diff_sim/share/diff_sim/hook/cmake_prefix_path.dsv'
[0.238s] INFO:colcon.colcon_core.shell:Creating environment hook '/home/juu/Desktop/Personal_WS/ROS_project/install/diff_sim/share/diff_sim/hook/cmake_prefix_path.sh'
[0.239s] Level 1:colcon.colcon_core.environment:checking '/home/juu/Desktop/Personal_WS/ROS_project/install/diff_sim/bin'
[0.239s] Level 1:colcon.colcon_core.environment:checking '/home/juu/Desktop/Personal_WS/ROS_project/install/diff_sim/lib/pkgconfig/diff_sim.pc'
[0.239s] Level 1:colcon.colcon_core.environment:checking '/home/juu/Desktop/Personal_WS/ROS_project/install/diff_sim/lib/python3.12/site-packages'
[0.239s] Level 1:colcon.colcon_core.environment:checking '/home/juu/Desktop/Personal_WS/ROS_project/install/diff_sim/bin'
[0.239s] INFO:colcon.colcon_core.shell:Creating package script '/home/juu/Desktop/Personal_WS/ROS_project/install/diff_sim/share/diff_sim/package.ps1'
[0.239s] INFO:colcon.colcon_core.shell:Creating package descriptor '/home/juu/Desktop/Personal_WS/ROS_project/install/diff_sim/share/diff_sim/package.dsv'
[0.239s] INFO:colcon.colcon_core.shell:Creating package script '/home/juu/Desktop/Personal_WS/ROS_project/install/diff_sim/share/diff_sim/package.sh'
[0.240s] INFO:colcon.colcon_core.shell:Creating package script '/home/juu/Desktop/Personal_WS/ROS_project/install/diff_sim/share/diff_sim/package.bash'
[0.240s] INFO:colcon.colcon_core.shell:Creating package script '/home/juu/Desktop/Personal_WS/ROS_project/install/diff_sim/share/diff_sim/package.zsh'
[0.240s] Level 1:colcon.colcon_core.environment:create_file_with_runtime_dependencies(/home/juu/Desktop/Personal_WS/ROS_project/install/diff_sim/share/colcon-core/packages/diff_sim)
[0.240s] Level 1:colcon.colcon_core.environment:create_environment_scripts_only(diff_sim)
[0.240s] Level 1:colcon.colcon_core.environment:checking '/home/juu/Desktop/Personal_WS/ROS_project/install/diff_sim' for CMake module files
[0.240s] Level 1:colcon.colcon_core.environment:checking '/home/juu/Desktop/Personal_WS/ROS_project/install/diff_sim' for CMake config files
[0.241s] Level 1:colcon.colcon_core.shell:create_environment_hook('diff_sim', 'cmake_prefix_path')
[0.241s] INFO:colcon.colcon_core.shell:Creating environment hook '/home/juu/Desktop/Personal_WS/ROS_project/install/diff_sim/share/diff_sim/hook/cmake_prefix_path.ps1'
[0.241s] INFO:colcon.colcon_core.shell:Creating environment descriptor '/home/juu/Desktop/Personal_WS/ROS_project/install/diff_sim/share/diff_sim/hook/cmake_prefix_path.dsv'
[0.241s] INFO:colcon.colcon_core.shell:Creating environment hook '/home/juu/Desktop/Personal_WS/ROS_project/install/diff_sim/share/diff_sim/hook/cmake_prefix_path.sh'
[0.241s] Level 1:colcon.colcon_core.environment:checking '/home/juu/Desktop/Personal_WS/ROS_project/install/diff_sim/bin'
[0.241s] Level 1:colcon.colcon_core.environment:checking '/home/juu/Desktop/Personal_WS/ROS_project/install/diff_sim/lib/pkgconfig/diff_sim.pc'
[0.241s] Level 1:colcon.colcon_core.environment:checking '/home/juu/Desktop/Personal_WS/ROS_project/install/diff_sim/lib/python3.12/site-packages'
[0.241s] Level 1:colcon.colcon_core.environment:checking '/home/juu/Desktop/Personal_WS/ROS_project/install/diff_sim/bin'
[0.242s] INFO:colcon.colcon_core.shell:Creating package script '/home/juu/Desktop/Personal_WS/ROS_project/install/diff_sim/share/diff_sim/package.ps1'
[0.242s] INFO:colcon.colcon_core.shell:Creating package descriptor '/home/juu/Desktop/Personal_WS/ROS_project/install/diff_sim/share/diff_sim/package.dsv'
[0.242s] INFO:colcon.colcon_core.shell:Creating package script '/home/juu/Desktop/Personal_WS/ROS_project/install/diff_sim/share/diff_sim/package.sh'
[0.242s] INFO:colcon.colcon_core.shell:Creating package script '/home/juu/Desktop/Personal_WS/ROS_project/install/diff_sim/share/diff_sim/package.bash'
[0.242s] INFO:colcon.colcon_core.shell:Creating package script '/home/juu/Desktop/Personal_WS/ROS_project/install/diff_sim/share/diff_sim/package.zsh'
[0.242s] Level 1:colcon.colcon_core.environment:create_file_with_runtime_dependencies(/home/juu/Desktop/Personal_WS/ROS_project/install/diff_sim/share/colcon-core/packages/diff_sim)
[0.243s] DEBUG:colcon.colcon_parallel_executor.executor.parallel:closing loop
[0.243s] DEBUG:colcon.colcon_parallel_executor.executor.parallel:loop closed
[0.243s] DEBUG:colcon.colcon_parallel_executor.executor.parallel:run_until_complete finished with '0'
[0.243s] DEBUG:colcon.colcon_core.event_reactor:joining thread
[0.254s] INFO:colcon.colcon_core.plugin_system:Skipping extension 'colcon_notification.desktop_notification.terminal_notifier': Not used on non-Darwin systems
[0.254s] INFO:colcon.colcon_core.plugin_system:Skipping extension 'colcon_notification.desktop_notification.win32': Not used on non-Windows systems
[0.254s] INFO:colcon.colcon_notification.desktop_notification:Sending desktop notification using 'notify2'
[0.260s] DEBUG:colcon.colcon_core.event_reactor:joined thread
[0.261s] INFO:colcon.colcon_core.shell:Creating prefix script '/home/juu/Desktop/Personal_WS/ROS_project/install/local_setup.ps1'
[0.261s] INFO:colcon.colcon_core.shell:Creating prefix util module '/home/juu/Desktop/Personal_WS/ROS_project/install/_local_setup_util_ps1.py'
[0.262s] INFO:colcon.colcon_core.shell:Creating prefix chain script '/home/juu/Desktop/Personal_WS/ROS_project/install/setup.ps1'
[0.262s] INFO:colcon.colcon_core.shell:Creating prefix script '/home/juu/Desktop/Personal_WS/ROS_project/install/local_setup.sh'
[0.262s] INFO:colcon.colcon_core.shell:Creating prefix util module '/home/juu/Desktop/Personal_WS/ROS_project/install/_local_setup_util_sh.py'
[0.263s] INFO:colcon.colcon_core.shell:Creating prefix chain script '/home/juu/Desktop/Personal_WS/ROS_project/install/setup.sh'
[0.263s] INFO:colcon.colcon_core.shell:Creating prefix script '/home/juu/Desktop/Personal_WS/ROS_project/install/local_setup.bash'
[0.263s] INFO:colcon.colcon_core.shell:Creating prefix chain script '/home/juu/Desktop/Personal_WS/ROS_project/install/setup.bash'
[0.264s] INFO:colcon.colcon_core.shell:Creating prefix script '/home/juu/Desktop/Personal_WS/ROS_project/install/local_setup.zsh'
[0.264s] INFO:colcon.colcon_core.shell:Creating prefix chain script '/home/juu/Desktop/Personal_WS/ROS_project/install/setup.zsh'
