-- Install configuration: ""
-- Execute custom install script
-- Up-to-date symlink: /home/juu/Desktop/Personal_WS/ROS_project/install/robot_description/share/robot_description/launch/preview.launch.py
-- Up-to-date symlink: /home/juu/Desktop/Personal_WS/ROS_project/install/robot_description/share/robot_description/config/rviz_config.rviz
-- Up-to-date symlink: /home/juu/Desktop/Personal_WS/ROS_project/install/robot_description/share/robot_description/sdf/my_diff_car.gltf
-- Up-to-date symlink: /home/juu/Desktop/Personal_WS/ROS_project/install/robot_description/share/robot_description/sdf/my_diff_car.sdf
-- Up-to-date symlink: /home/juu/Desktop/Personal_WS/ROS_project/install/robot_description/share/ament_index/resource_index/package_run_dependencies/robot_description
-- Up-to-date symlink: /home/juu/Desktop/Personal_WS/ROS_project/install/robot_description/share/ament_index/resource_index/parent_prefix_path/robot_description
-- Up-to-date symlink: /home/juu/Desktop/Personal_WS/ROS_project/install/robot_description/share/robot_description/environment/ament_prefix_path.sh
-- Up-to-date symlink: /home/juu/Desktop/Personal_WS/ROS_project/install/robot_description/share/robot_description/environment/ament_prefix_path.dsv
-- Up-to-date symlink: /home/juu/Desktop/Personal_WS/ROS_project/install/robot_description/share/robot_description/environment/path.sh
-- Up-to-date symlink: /home/juu/Desktop/Personal_WS/ROS_project/install/robot_description/share/robot_description/environment/path.dsv
-- Up-to-date symlink: /home/juu/Desktop/Personal_WS/ROS_project/install/robot_description/share/robot_description/local_setup.bash
-- Up-to-date symlink: /home/juu/Desktop/Personal_WS/ROS_project/install/robot_description/share/robot_description/local_setup.sh
-- Up-to-date symlink: /home/juu/Desktop/Personal_WS/ROS_project/install/robot_description/share/robot_description/local_setup.zsh
-- Up-to-date symlink: /home/juu/Desktop/Personal_WS/ROS_project/install/robot_description/share/robot_description/local_setup.dsv
-- Symlinking: /home/juu/Desktop/Personal_WS/ROS_project/install/robot_description/share/robot_description/package.dsv
-- Up-to-date symlink: /home/juu/Desktop/Personal_WS/ROS_project/install/robot_description/share/ament_index/resource_index/packages/robot_description
-- Up-to-date symlink: /home/juu/Desktop/Personal_WS/ROS_project/install/robot_description/share/robot_description/cmake/robot_descriptionConfig.cmake
-- Up-to-date symlink: /home/juu/Desktop/Personal_WS/ROS_project/install/robot_description/share/robot_description/cmake/robot_descriptionConfig-version.cmake
-- Up-to-date symlink: /home/juu/Desktop/Personal_WS/ROS_project/install/robot_description/share/robot_description/package.xml
