[0.005s] Invoking command in '/home/juu/Desktop/Personal_WS/ROS_project/build/diff_sim': AMENT_PREFIX_PATH=/home/juu/Desktop/Personal_WS/ROS_project/install/robot_description:${AMENT_PREFIX_PATH} CMAKE_PREFIX_PATH=/home/juu/Desktop/Personal_WS/ROS_project/install/robot_description:/home/juu/Desktop/ROS/BTree/install/behaviortree_cpp:/opt/ros/jazzy/opt/gz_sim_vendor:/opt/ros/jazzy/opt/gz_sensors_vendor:/opt/ros/jazzy/opt/gz_physics_vendor:/opt/ros/jazzy/opt/sdformat_vendor:/opt/ros/jazzy/opt/gz_gui_vendor:/opt/ros/jazzy/opt/gz_transport_vendor:/opt/ros/jazzy/opt/gz_rendering_vendor:/opt/ros/jazzy/opt/gz_plugin_vendor:/opt/ros/jazzy/opt/gz_fuel_tools_vendor:/opt/ros/jazzy/opt/gz_msgs_vendor:/opt/ros/jazzy/opt/gz_common_vendor:/opt/ros/jazzy/opt/gz_math_vendor:/opt/ros/jazzy/opt/gz_utils_vendor:/opt/ros/jazzy/opt/gz_tools_vendor:/opt/ros/jazzy/opt/gz_ogre_next_vendor:/opt/ros/jazzy/opt/gz_dartsim_vendor:/opt/ros/jazzy/opt/gz_cmake_vendor:/opt/ros/jazzy CONDA_PROMPT_MODIFIER=(base) DEBUGINFOD_URLS=https://debuginfod.ubuntu.com /usr/bin/cmake --build /home/juu/Desktop/Personal_WS/ROS_project/build/diff_sim -- -j20 -l20
[0.018s] -- Found ament_cmake: 2.5.2 (/opt/ros/jazzy/share/ament_cmake/cmake)
[0.129s] -- Override CMake install command with custom implementation using symlinks instead of copying resources
[0.132s] -- Found ament_lint_auto: 0.17.1 (/opt/ros/jazzy/share/ament_lint_auto/cmake)
[0.186s] -- Added test 'flake8' to check Python code syntax and style conventions
[0.186s] -- Configured 'flake8' exclude dirs and/or files: 
[0.186s] -- Added test 'lint_cmake' to check CMake code style
[0.186s] -- Added test 'pep257' to check Python code against some of the docstring style conventions in PEP 257
[0.187s] -- Added test 'xmllint' to check XML markup files
[0.187s] -- Configuring done (0.2s)
[0.189s] -- Generating done (0.0s)
[0.190s] -- Build files have been written to: /home/juu/Desktop/Personal_WS/ROS_project/build/diff_sim
[0.204s] Invoked command in '/home/juu/Desktop/Personal_WS/ROS_project/build/diff_sim' returned '0': AMENT_PREFIX_PATH=/home/juu/Desktop/Personal_WS/ROS_project/install/robot_description:${AMENT_PREFIX_PATH} CMAKE_PREFIX_PATH=/home/juu/Desktop/Personal_WS/ROS_project/install/robot_description:/home/juu/Desktop/ROS/BTree/install/behaviortree_cpp:/opt/ros/jazzy/opt/gz_sim_vendor:/opt/ros/jazzy/opt/gz_sensors_vendor:/opt/ros/jazzy/opt/gz_physics_vendor:/opt/ros/jazzy/opt/sdformat_vendor:/opt/ros/jazzy/opt/gz_gui_vendor:/opt/ros/jazzy/opt/gz_transport_vendor:/opt/ros/jazzy/opt/gz_rendering_vendor:/opt/ros/jazzy/opt/gz_plugin_vendor:/opt/ros/jazzy/opt/gz_fuel_tools_vendor:/opt/ros/jazzy/opt/gz_msgs_vendor:/opt/ros/jazzy/opt/gz_common_vendor:/opt/ros/jazzy/opt/gz_math_vendor:/opt/ros/jazzy/opt/gz_utils_vendor:/opt/ros/jazzy/opt/gz_tools_vendor:/opt/ros/jazzy/opt/gz_ogre_next_vendor:/opt/ros/jazzy/opt/gz_dartsim_vendor:/opt/ros/jazzy/opt/gz_cmake_vendor:/opt/ros/jazzy CONDA_PROMPT_MODIFIER=(base) DEBUGINFOD_URLS=https://debuginfod.ubuntu.com /usr/bin/cmake --build /home/juu/Desktop/Personal_WS/ROS_project/build/diff_sim -- -j20 -l20
[0.204s] Invoking command in '/home/juu/Desktop/Personal_WS/ROS_project/build/diff_sim': AMENT_PREFIX_PATH=/home/juu/Desktop/Personal_WS/ROS_project/install/robot_description:${AMENT_PREFIX_PATH} CMAKE_PREFIX_PATH=/home/juu/Desktop/Personal_WS/ROS_project/install/robot_description:/home/juu/Desktop/ROS/BTree/install/behaviortree_cpp:/opt/ros/jazzy/opt/gz_sim_vendor:/opt/ros/jazzy/opt/gz_sensors_vendor:/opt/ros/jazzy/opt/gz_physics_vendor:/opt/ros/jazzy/opt/sdformat_vendor:/opt/ros/jazzy/opt/gz_gui_vendor:/opt/ros/jazzy/opt/gz_transport_vendor:/opt/ros/jazzy/opt/gz_rendering_vendor:/opt/ros/jazzy/opt/gz_plugin_vendor:/opt/ros/jazzy/opt/gz_fuel_tools_vendor:/opt/ros/jazzy/opt/gz_msgs_vendor:/opt/ros/jazzy/opt/gz_common_vendor:/opt/ros/jazzy/opt/gz_math_vendor:/opt/ros/jazzy/opt/gz_utils_vendor:/opt/ros/jazzy/opt/gz_tools_vendor:/opt/ros/jazzy/opt/gz_ogre_next_vendor:/opt/ros/jazzy/opt/gz_dartsim_vendor:/opt/ros/jazzy/opt/gz_cmake_vendor:/opt/ros/jazzy CONDA_PROMPT_MODIFIER=(base) DEBUGINFOD_URLS=https://debuginfod.ubuntu.com /usr/bin/cmake --install /home/juu/Desktop/Personal_WS/ROS_project/build/diff_sim
[0.209s] -- Install configuration: ""
[0.209s] -- Execute custom install script
[0.209s] -- Up-to-date symlink: /home/juu/Desktop/Personal_WS/ROS_project/install/diff_sim/share/diff_sim/launch/sim.launch.py
[0.209s] -- Up-to-date symlink: /home/juu/Desktop/Personal_WS/ROS_project/install/diff_sim/share/diff_sim/config/bridge_config.yaml
[0.209s] -- Up-to-date symlink: /home/juu/Desktop/Personal_WS/ROS_project/install/diff_sim/share/diff_sim/worlds/empty.world
[0.209s] -- Up-to-date symlink: /home/juu/Desktop/Personal_WS/ROS_project/install/diff_sim/share/ament_index/resource_index/package_run_dependencies/diff_sim
[0.209s] -- Up-to-date symlink: /home/juu/Desktop/Personal_WS/ROS_project/install/diff_sim/share/ament_index/resource_index/parent_prefix_path/diff_sim
[0.209s] -- Up-to-date symlink: /home/juu/Desktop/Personal_WS/ROS_project/install/diff_sim/share/diff_sim/environment/ament_prefix_path.sh
[0.210s] -- Up-to-date symlink: /home/juu/Desktop/Personal_WS/ROS_project/install/diff_sim/share/diff_sim/environment/ament_prefix_path.dsv
[0.210s] -- Up-to-date symlink: /home/juu/Desktop/Personal_WS/ROS_project/install/diff_sim/share/diff_sim/environment/path.sh
[0.210s] -- Up-to-date symlink: /home/juu/Desktop/Personal_WS/ROS_project/install/diff_sim/share/diff_sim/environment/path.dsv
[0.210s] -- Up-to-date symlink: /home/juu/Desktop/Personal_WS/ROS_project/install/diff_sim/share/diff_sim/local_setup.bash
[0.210s] -- Up-to-date symlink: /home/juu/Desktop/Personal_WS/ROS_project/install/diff_sim/share/diff_sim/local_setup.sh
[0.210s] -- Up-to-date symlink: /home/juu/Desktop/Personal_WS/ROS_project/install/diff_sim/share/diff_sim/local_setup.zsh
[0.210s] -- Up-to-date symlink: /home/juu/Desktop/Personal_WS/ROS_project/install/diff_sim/share/diff_sim/local_setup.dsv
[0.210s] -- Symlinking: /home/juu/Desktop/Personal_WS/ROS_project/install/diff_sim/share/diff_sim/package.dsv
[0.216s] -- Up-to-date symlink: /home/juu/Desktop/Personal_WS/ROS_project/install/diff_sim/share/ament_index/resource_index/packages/diff_sim
[0.216s] -- Up-to-date symlink: /home/juu/Desktop/Personal_WS/ROS_project/install/diff_sim/share/diff_sim/cmake/diff_simConfig.cmake
[0.216s] -- Up-to-date symlink: /home/juu/Desktop/Personal_WS/ROS_project/install/diff_sim/share/diff_sim/cmake/diff_simConfig-version.cmake
[0.216s] -- Up-to-date symlink: /home/juu/Desktop/Personal_WS/ROS_project/install/diff_sim/share/diff_sim/package.xml
[0.217s] Invoked command in '/home/juu/Desktop/Personal_WS/ROS_project/build/diff_sim' returned '0': AMENT_PREFIX_PATH=/home/juu/Desktop/Personal_WS/ROS_project/install/robot_description:${AMENT_PREFIX_PATH} CMAKE_PREFIX_PATH=/home/juu/Desktop/Personal_WS/ROS_project/install/robot_description:/home/juu/Desktop/ROS/BTree/install/behaviortree_cpp:/opt/ros/jazzy/opt/gz_sim_vendor:/opt/ros/jazzy/opt/gz_sensors_vendor:/opt/ros/jazzy/opt/gz_physics_vendor:/opt/ros/jazzy/opt/sdformat_vendor:/opt/ros/jazzy/opt/gz_gui_vendor:/opt/ros/jazzy/opt/gz_transport_vendor:/opt/ros/jazzy/opt/gz_rendering_vendor:/opt/ros/jazzy/opt/gz_plugin_vendor:/opt/ros/jazzy/opt/gz_fuel_tools_vendor:/opt/ros/jazzy/opt/gz_msgs_vendor:/opt/ros/jazzy/opt/gz_common_vendor:/opt/ros/jazzy/opt/gz_math_vendor:/opt/ros/jazzy/opt/gz_utils_vendor:/opt/ros/jazzy/opt/gz_tools_vendor:/opt/ros/jazzy/opt/gz_ogre_next_vendor:/opt/ros/jazzy/opt/gz_dartsim_vendor:/opt/ros/jazzy/opt/gz_cmake_vendor:/opt/ros/jazzy CONDA_PROMPT_MODIFIER=(base) DEBUGINFOD_URLS=https://debuginfod.ubuntu.com /usr/bin/cmake --install /home/juu/Desktop/Personal_WS/ROS_project/build/diff_sim
