-- The C compiler identification is GNU 13.3.0
-- The CXX compiler identification is GNU 13.3.0
-- Detecting C compiler ABI info
-- Detecting C compiler ABI info - done
-- Check for working C compiler: /usr/bin/cc - skipped
-- Detecting C compile features
-- Detecting C compile features - done
-- Detecting CXX compiler ABI info
-- Detecting CXX compiler ABI info - done
-- Check for working CXX compiler: /usr/bin/c++ - skipped
-- Detecting CXX compile features
-- Detecting CXX compile features - done
-- Found ament_cmake: 2.5.2 (/opt/ros/jazzy/share/ament_cmake/cmake)
-- Found Python3: /home/juu/anaconda3/bin/python3 (found version "3.12.7") found components: Interpreter 
-- Override CMake install command with custom implementation using symlinks instead of copying resources
-- Found ament_lint_auto: 0.17.1 (/opt/ros/jazzy/share/ament_lint_auto/cmake)
-- Added test 'lint_cmake' to check CMake code style
-- Added test 'xmllint' to check XML markup files
-- Configuring done (0.4s)
-- Generating done (0.0s)
-- Build files have been written to: /home/juu/Desktop/Personal_WS/ROS_project/build/diff_sim
-- Install configuration: ""
-- Execute custom install script
-- Symlinking: /home/juu/Desktop/Personal_WS/ROS_project/install/diff_sim/share/ament_index/resource_index/package_run_dependencies/diff_sim
-- Symlinking: /home/juu/Desktop/Personal_WS/ROS_project/install/diff_sim/share/ament_index/resource_index/parent_prefix_path/diff_sim
-- Symlinking: /home/juu/Desktop/Personal_WS/ROS_project/install/diff_sim/share/diff_sim/environment/ament_prefix_path.sh
-- Symlinking: /home/juu/Desktop/Personal_WS/ROS_project/install/diff_sim/share/diff_sim/environment/ament_prefix_path.dsv
-- Symlinking: /home/juu/Desktop/Personal_WS/ROS_project/install/diff_sim/share/diff_sim/environment/path.sh
-- Symlinking: /home/juu/Desktop/Personal_WS/ROS_project/install/diff_sim/share/diff_sim/environment/path.dsv
-- Symlinking: /home/juu/Desktop/Personal_WS/ROS_project/install/diff_sim/share/diff_sim/local_setup.bash
-- Symlinking: /home/juu/Desktop/Personal_WS/ROS_project/install/diff_sim/share/diff_sim/local_setup.sh
-- Symlinking: /home/juu/Desktop/Personal_WS/ROS_project/install/diff_sim/share/diff_sim/local_setup.zsh
-- Symlinking: /home/juu/Desktop/Personal_WS/ROS_project/install/diff_sim/share/diff_sim/local_setup.dsv
-- Symlinking: /home/juu/Desktop/Personal_WS/ROS_project/install/diff_sim/share/diff_sim/package.dsv
-- Symlinking: /home/juu/Desktop/Personal_WS/ROS_project/install/diff_sim/share/ament_index/resource_index/packages/diff_sim
-- Symlinking: /home/juu/Desktop/Personal_WS/ROS_project/install/diff_sim/share/diff_sim/cmake/diff_simConfig.cmake
-- Symlinking: /home/juu/Desktop/Personal_WS/ROS_project/install/diff_sim/share/diff_sim/cmake/diff_simConfig-version.cmake
-- Symlinking: /home/juu/Desktop/Personal_WS/ROS_project/install/diff_sim/share/diff_sim/package.xml
