[0.005s] Invoking command in '/home/juu/Desktop/Personal_WS/ROS_project/build/diff_sim': AMENT_PREFIX_PATH=/home/juu/Desktop/Personal_WS/ROS_project/install/robot_description:${AMENT_PREFIX_PATH} CMAKE_PREFIX_PATH=/home/juu/Desktop/Personal_WS/ROS_project/install/robot_description:/home/juu/Desktop/ROS/BTree/install/behaviortree_cpp:/opt/ros/jazzy/opt/gz_sim_vendor:/opt/ros/jazzy/opt/gz_sensors_vendor:/opt/ros/jazzy/opt/gz_physics_vendor:/opt/ros/jazzy/opt/sdformat_vendor:/opt/ros/jazzy/opt/gz_gui_vendor:/opt/ros/jazzy/opt/gz_transport_vendor:/opt/ros/jazzy/opt/gz_rendering_vendor:/opt/ros/jazzy/opt/gz_plugin_vendor:/opt/ros/jazzy/opt/gz_fuel_tools_vendor:/opt/ros/jazzy/opt/gz_msgs_vendor:/opt/ros/jazzy/opt/gz_common_vendor:/opt/ros/jazzy/opt/gz_math_vendor:/opt/ros/jazzy/opt/gz_utils_vendor:/opt/ros/jazzy/opt/gz_tools_vendor:/opt/ros/jazzy/opt/gz_ogre_next_vendor:/opt/ros/jazzy/opt/gz_dartsim_vendor:/opt/ros/jazzy/opt/gz_cmake_vendor:/opt/ros/jazzy CONDA_PROMPT_MODIFIER=(base) DEBUGINFOD_URLS=https://debuginfod.ubuntu.com /usr/bin/cmake /home/juu/Desktop/Personal_WS/ROS_project/src/diff_sim -DAMENT_CMAKE_SYMLINK_INSTALL=1 -DCMAKE_INSTALL_PREFIX=/home/juu/Desktop/Personal_WS/ROS_project/install/diff_sim
[0.038s] -- The C compiler identification is GNU 13.3.0
[0.075s] -- The CXX compiler identification is GNU 13.3.0
[0.086s] -- Detecting C compiler ABI info
[0.143s] -- Detecting C compiler ABI info - done
[0.148s] -- Check for working C compiler: /usr/bin/cc - skipped
[0.148s] -- Detecting C compile features
[0.148s] -- Detecting C compile features - done
[0.155s] -- Detecting CXX compiler ABI info
[0.216s] -- Detecting CXX compiler ABI info - done
[0.221s] -- Check for working CXX compiler: /usr/bin/c++ - skipped
[0.221s] -- Detecting CXX compile features
[0.221s] -- Detecting CXX compile features - done
[0.223s] -- Found ament_cmake: 2.5.2 (/opt/ros/jazzy/share/ament_cmake/cmake)
[0.306s] -- Found Python3: /home/juu/anaconda3/bin/python3 (found version "3.12.7") found components: Interpreter 
[0.345s] -- Override CMake install command with custom implementation using symlinks instead of copying resources
[0.373s] -- Found ament_lint_auto: 0.17.1 (/opt/ros/jazzy/share/ament_lint_auto/cmake)
[0.435s] -- Added test 'lint_cmake' to check CMake code style
[0.435s] -- Added test 'xmllint' to check XML markup files
[0.436s] -- Configuring done (0.4s)
[0.438s] -- Generating done (0.0s)
[0.438s] -- Build files have been written to: /home/juu/Desktop/Personal_WS/ROS_project/build/diff_sim
[0.441s] Invoked command in '/home/juu/Desktop/Personal_WS/ROS_project/build/diff_sim' returned '0': AMENT_PREFIX_PATH=/home/juu/Desktop/Personal_WS/ROS_project/install/robot_description:${AMENT_PREFIX_PATH} CMAKE_PREFIX_PATH=/home/juu/Desktop/Personal_WS/ROS_project/install/robot_description:/home/juu/Desktop/ROS/BTree/install/behaviortree_cpp:/opt/ros/jazzy/opt/gz_sim_vendor:/opt/ros/jazzy/opt/gz_sensors_vendor:/opt/ros/jazzy/opt/gz_physics_vendor:/opt/ros/jazzy/opt/sdformat_vendor:/opt/ros/jazzy/opt/gz_gui_vendor:/opt/ros/jazzy/opt/gz_transport_vendor:/opt/ros/jazzy/opt/gz_rendering_vendor:/opt/ros/jazzy/opt/gz_plugin_vendor:/opt/ros/jazzy/opt/gz_fuel_tools_vendor:/opt/ros/jazzy/opt/gz_msgs_vendor:/opt/ros/jazzy/opt/gz_common_vendor:/opt/ros/jazzy/opt/gz_math_vendor:/opt/ros/jazzy/opt/gz_utils_vendor:/opt/ros/jazzy/opt/gz_tools_vendor:/opt/ros/jazzy/opt/gz_ogre_next_vendor:/opt/ros/jazzy/opt/gz_dartsim_vendor:/opt/ros/jazzy/opt/gz_cmake_vendor:/opt/ros/jazzy CONDA_PROMPT_MODIFIER=(base) DEBUGINFOD_URLS=https://debuginfod.ubuntu.com /usr/bin/cmake /home/juu/Desktop/Personal_WS/ROS_project/src/diff_sim -DAMENT_CMAKE_SYMLINK_INSTALL=1 -DCMAKE_INSTALL_PREFIX=/home/juu/Desktop/Personal_WS/ROS_project/install/diff_sim
[0.441s] Invoking command in '/home/juu/Desktop/Personal_WS/ROS_project/build/diff_sim': AMENT_PREFIX_PATH=/home/juu/Desktop/Personal_WS/ROS_project/install/robot_description:${AMENT_PREFIX_PATH} CMAKE_PREFIX_PATH=/home/juu/Desktop/Personal_WS/ROS_project/install/robot_description:/home/juu/Desktop/ROS/BTree/install/behaviortree_cpp:/opt/ros/jazzy/opt/gz_sim_vendor:/opt/ros/jazzy/opt/gz_sensors_vendor:/opt/ros/jazzy/opt/gz_physics_vendor:/opt/ros/jazzy/opt/sdformat_vendor:/opt/ros/jazzy/opt/gz_gui_vendor:/opt/ros/jazzy/opt/gz_transport_vendor:/opt/ros/jazzy/opt/gz_rendering_vendor:/opt/ros/jazzy/opt/gz_plugin_vendor:/opt/ros/jazzy/opt/gz_fuel_tools_vendor:/opt/ros/jazzy/opt/gz_msgs_vendor:/opt/ros/jazzy/opt/gz_common_vendor:/opt/ros/jazzy/opt/gz_math_vendor:/opt/ros/jazzy/opt/gz_utils_vendor:/opt/ros/jazzy/opt/gz_tools_vendor:/opt/ros/jazzy/opt/gz_ogre_next_vendor:/opt/ros/jazzy/opt/gz_dartsim_vendor:/opt/ros/jazzy/opt/gz_cmake_vendor:/opt/ros/jazzy CONDA_PROMPT_MODIFIER=(base) DEBUGINFOD_URLS=https://debuginfod.ubuntu.com /usr/bin/cmake --build /home/juu/Desktop/Personal_WS/ROS_project/build/diff_sim -- -j20 -l20
[0.465s] Invoked command in '/home/juu/Desktop/Personal_WS/ROS_project/build/diff_sim' returned '0': AMENT_PREFIX_PATH=/home/juu/Desktop/Personal_WS/ROS_project/install/robot_description:${AMENT_PREFIX_PATH} CMAKE_PREFIX_PATH=/home/juu/Desktop/Personal_WS/ROS_project/install/robot_description:/home/juu/Desktop/ROS/BTree/install/behaviortree_cpp:/opt/ros/jazzy/opt/gz_sim_vendor:/opt/ros/jazzy/opt/gz_sensors_vendor:/opt/ros/jazzy/opt/gz_physics_vendor:/opt/ros/jazzy/opt/sdformat_vendor:/opt/ros/jazzy/opt/gz_gui_vendor:/opt/ros/jazzy/opt/gz_transport_vendor:/opt/ros/jazzy/opt/gz_rendering_vendor:/opt/ros/jazzy/opt/gz_plugin_vendor:/opt/ros/jazzy/opt/gz_fuel_tools_vendor:/opt/ros/jazzy/opt/gz_msgs_vendor:/opt/ros/jazzy/opt/gz_common_vendor:/opt/ros/jazzy/opt/gz_math_vendor:/opt/ros/jazzy/opt/gz_utils_vendor:/opt/ros/jazzy/opt/gz_tools_vendor:/opt/ros/jazzy/opt/gz_ogre_next_vendor:/opt/ros/jazzy/opt/gz_dartsim_vendor:/opt/ros/jazzy/opt/gz_cmake_vendor:/opt/ros/jazzy CONDA_PROMPT_MODIFIER=(base) DEBUGINFOD_URLS=https://debuginfod.ubuntu.com /usr/bin/cmake --build /home/juu/Desktop/Personal_WS/ROS_project/build/diff_sim -- -j20 -l20
[0.466s] Invoking command in '/home/juu/Desktop/Personal_WS/ROS_project/build/diff_sim': AMENT_PREFIX_PATH=/home/juu/Desktop/Personal_WS/ROS_project/install/robot_description:${AMENT_PREFIX_PATH} CMAKE_PREFIX_PATH=/home/juu/Desktop/Personal_WS/ROS_project/install/robot_description:/home/juu/Desktop/ROS/BTree/install/behaviortree_cpp:/opt/ros/jazzy/opt/gz_sim_vendor:/opt/ros/jazzy/opt/gz_sensors_vendor:/opt/ros/jazzy/opt/gz_physics_vendor:/opt/ros/jazzy/opt/sdformat_vendor:/opt/ros/jazzy/opt/gz_gui_vendor:/opt/ros/jazzy/opt/gz_transport_vendor:/opt/ros/jazzy/opt/gz_rendering_vendor:/opt/ros/jazzy/opt/gz_plugin_vendor:/opt/ros/jazzy/opt/gz_fuel_tools_vendor:/opt/ros/jazzy/opt/gz_msgs_vendor:/opt/ros/jazzy/opt/gz_common_vendor:/opt/ros/jazzy/opt/gz_math_vendor:/opt/ros/jazzy/opt/gz_utils_vendor:/opt/ros/jazzy/opt/gz_tools_vendor:/opt/ros/jazzy/opt/gz_ogre_next_vendor:/opt/ros/jazzy/opt/gz_dartsim_vendor:/opt/ros/jazzy/opt/gz_cmake_vendor:/opt/ros/jazzy CONDA_PROMPT_MODIFIER=(base) DEBUGINFOD_URLS=https://debuginfod.ubuntu.com /usr/bin/cmake --install /home/juu/Desktop/Personal_WS/ROS_project/build/diff_sim
[0.470s] -- Install configuration: ""
[0.471s] -- Execute custom install script
[0.471s] -- Symlinking: /home/juu/Desktop/Personal_WS/ROS_project/install/diff_sim/share/ament_index/resource_index/package_run_dependencies/diff_sim
[0.475s] -- Symlinking: /home/juu/Desktop/Personal_WS/ROS_project/install/diff_sim/share/ament_index/resource_index/parent_prefix_path/diff_sim
[0.480s] -- Symlinking: /home/juu/Desktop/Personal_WS/ROS_project/install/diff_sim/share/diff_sim/environment/ament_prefix_path.sh
[0.485s] -- Symlinking: /home/juu/Desktop/Personal_WS/ROS_project/install/diff_sim/share/diff_sim/environment/ament_prefix_path.dsv
[0.490s] -- Symlinking: /home/juu/Desktop/Personal_WS/ROS_project/install/diff_sim/share/diff_sim/environment/path.sh
[0.497s] -- Symlinking: /home/juu/Desktop/Personal_WS/ROS_project/install/diff_sim/share/diff_sim/environment/path.dsv
[0.502s] -- Symlinking: /home/juu/Desktop/Personal_WS/ROS_project/install/diff_sim/share/diff_sim/local_setup.bash
[0.509s] -- Symlinking: /home/juu/Desktop/Personal_WS/ROS_project/install/diff_sim/share/diff_sim/local_setup.sh
[0.513s] -- Symlinking: /home/juu/Desktop/Personal_WS/ROS_project/install/diff_sim/share/diff_sim/local_setup.zsh
[0.518s] -- Symlinking: /home/juu/Desktop/Personal_WS/ROS_project/install/diff_sim/share/diff_sim/local_setup.dsv
[0.523s] -- Symlinking: /home/juu/Desktop/Personal_WS/ROS_project/install/diff_sim/share/diff_sim/package.dsv
[0.530s] -- Symlinking: /home/juu/Desktop/Personal_WS/ROS_project/install/diff_sim/share/ament_index/resource_index/packages/diff_sim
[0.534s] -- Symlinking: /home/juu/Desktop/Personal_WS/ROS_project/install/diff_sim/share/diff_sim/cmake/diff_simConfig.cmake
[0.539s] -- Symlinking: /home/juu/Desktop/Personal_WS/ROS_project/install/diff_sim/share/diff_sim/cmake/diff_simConfig-version.cmake
[0.545s] -- Symlinking: /home/juu/Desktop/Personal_WS/ROS_project/install/diff_sim/share/diff_sim/package.xml
[0.552s] Invoked command in '/home/juu/Desktop/Personal_WS/ROS_project/build/diff_sim' returned '0': AMENT_PREFIX_PATH=/home/juu/Desktop/Personal_WS/ROS_project/install/robot_description:${AMENT_PREFIX_PATH} CMAKE_PREFIX_PATH=/home/juu/Desktop/Personal_WS/ROS_project/install/robot_description:/home/juu/Desktop/ROS/BTree/install/behaviortree_cpp:/opt/ros/jazzy/opt/gz_sim_vendor:/opt/ros/jazzy/opt/gz_sensors_vendor:/opt/ros/jazzy/opt/gz_physics_vendor:/opt/ros/jazzy/opt/sdformat_vendor:/opt/ros/jazzy/opt/gz_gui_vendor:/opt/ros/jazzy/opt/gz_transport_vendor:/opt/ros/jazzy/opt/gz_rendering_vendor:/opt/ros/jazzy/opt/gz_plugin_vendor:/opt/ros/jazzy/opt/gz_fuel_tools_vendor:/opt/ros/jazzy/opt/gz_msgs_vendor:/opt/ros/jazzy/opt/gz_common_vendor:/opt/ros/jazzy/opt/gz_math_vendor:/opt/ros/jazzy/opt/gz_utils_vendor:/opt/ros/jazzy/opt/gz_tools_vendor:/opt/ros/jazzy/opt/gz_ogre_next_vendor:/opt/ros/jazzy/opt/gz_dartsim_vendor:/opt/ros/jazzy/opt/gz_cmake_vendor:/opt/ros/jazzy CONDA_PROMPT_MODIFIER=(base) DEBUGINFOD_URLS=https://debuginfod.ubuntu.com /usr/bin/cmake --install /home/juu/Desktop/Personal_WS/ROS_project/build/diff_sim
